c:\users\denis\onedrive\desktop\faks-main\faks-main\vjazba2\vjazba2\x64\debug\vc142.pdb
c:\users\denis\onedrive\desktop\faks-main\faks-main\vjazba2\vjazba2\x64\debug\vc142.idb
c:\users\denis\onedrive\desktop\faks-main\faks-main\vjazba2\vjazba2\x64\debug\zadatak1.obj
c:\users\denis\onedrive\desktop\faks-main\faks-main\vjazba2\x64\debug\vjazba2.pdb
c:\users\denis\onedrive\desktop\faks-main\faks-main\vjazba2\vjazba2\x64\debug\vjazba2.tlog\cl.command.1.tlog
c:\users\denis\onedrive\desktop\faks-main\faks-main\vjazba2\vjazba2\x64\debug\vjazba2.tlog\cl.read.1.tlog
c:\users\denis\onedrive\desktop\faks-main\faks-main\vjazba2\vjazba2\x64\debug\vjazba2.tlog\cl.write.1.tlog
c:\users\denis\onedrive\desktop\faks-main\faks-main\vjazba2\vjazba2\x64\debug\vjazba2.tlog\link-cvtres.read.1.tlog
c:\users\denis\onedrive\desktop\faks-main\faks-main\vjazba2\vjazba2\x64\debug\vjazba2.tlog\link-cvtres.write.1.tlog
c:\users\denis\onedrive\desktop\faks-main\faks-main\vjazba2\vjazba2\x64\debug\vjazba2.tlog\link-rc.read.1.tlog
c:\users\denis\onedrive\desktop\faks-main\faks-main\vjazba2\vjazba2\x64\debug\vjazba2.tlog\link-rc.write.1.tlog
c:\users\denis\onedrive\desktop\faks-main\faks-main\vjazba2\vjazba2\x64\debug\vjazba2.tlog\link.17956-cvtres.read.1.tlog
c:\users\denis\onedrive\desktop\faks-main\faks-main\vjazba2\vjazba2\x64\debug\vjazba2.tlog\link.17956-cvtres.write.1.tlog
c:\users\denis\onedrive\desktop\faks-main\faks-main\vjazba2\vjazba2\x64\debug\vjazba2.tlog\link.17956-rc.read.1.tlog
c:\users\denis\onedrive\desktop\faks-main\faks-main\vjazba2\vjazba2\x64\debug\vjazba2.tlog\link.17956-rc.write.1.tlog
c:\users\denis\onedrive\desktop\faks-main\faks-main\vjazba2\vjazba2\x64\debug\vjazba2.tlog\link.17956.read.1.tlog
c:\users\denis\onedrive\desktop\faks-main\faks-main\vjazba2\vjazba2\x64\debug\vjazba2.tlog\link.17956.write.1.tlog
c:\users\denis\onedrive\desktop\faks-main\faks-main\vjazba2\vjazba2\x64\debug\vjazba2.tlog\link.command.1.tlog
c:\users\denis\onedrive\desktop\faks-main\faks-main\vjazba2\vjazba2\x64\debug\vjazba2.tlog\link.read.1.tlog
c:\users\denis\onedrive\desktop\faks-main\faks-main\vjazba2\vjazba2\x64\debug\vjazba2.tlog\link.write.1.tlog
